# JRE version: OpenJDK Runtime Environment Temurin-17.0.11+9 (17.0.11+9) (build 17.0.11+9)
# Java VM: OpenJDK 64-Bit Server VM Temurin-17.0.11+9 (17.0.11+9, mixed mode, tiered, compressed oops, compressed class ptrs, g1 gc, windows-amd64)
GC Precious Log:
 CPUs: 12 total, 12 available
 Memory: 7876M
 Large Page Support: Disabled
 NUMA Support: Disabled
 Compressed Oops: Enabled (32-bit)
 Heap Region Size: 1M
 Heap Min Capacity: 8M
 Heap Initial Capacity: 124M
 Heap Max Capacity: 1970M
 Pre-touch: Disabled
 Parallel Workers: 10
 Concurrent Workers: 3
 Concurrent Refinement Workers: 10
 Periodic GC: Disabled
Heap:
 garbage-first heap   total 59392K, used 30455K [0x0000000084e00000, 0x0000000100000000)
  region size 1024K, 4 young (4096K), 3 survivors (3072K)
 Metaspace       used 76483K, committed 77056K, reserved 1179648K
  class space    used 9963K, committed 10240K, reserved 1048576K
GC Heap History (20 events):
Event: 12.487 GC heap before
{Heap before GC invocations=7 (full 0):
 garbage-first heap   total 40960K, used 30758K [0x0000000084e00000, 0x0000000100000000)
  region size 1024K, 17 young (17408K), 3 survivors (3072K)
 Metaspace       used 34874K, committed 35328K, reserved 1114112K
  class space    used 4180K, committed 4416K, reserved 1048576K
}
Event: 12.493 GC heap after
{Heap after GC invocations=8 (full 0):
 garbage-first heap   total 40960K, used 17984K [0x0000000084e00000, 0x0000000100000000)
  region size 1024K, 3 young (3072K), 3 survivors (3072K)
 Metaspace       used 34874K, committed 35328K, reserved 1114112K
  class space    used 4180K, committed 4416K, reserved 1048576K
}
Event: 12.575 GC heap before
{Heap before GC invocations=8 (full 0):
 garbage-first heap   total 40960K, used 19008K [0x0000000084e00000, 0x0000000100000000)
  region size 1024K, 5 young (5120K), 3 survivors (3072K)
 Metaspace       used 35517K, committed 35968K, reserved 1114112K
  class space    used 4250K, committed 4480K, reserved 1048576K
}
Event: 12.580 GC heap after
{Heap after GC invocations=9 (full 0):
 garbage-first heap   total 49152K, used 18497K [0x0000000084e00000, 0x0000000100000000)
  region size 1024K, 1 young (1024K), 1 survivors (1024K)
 Metaspace       used 35517K, committed 35968K, reserved 1114112K
  class space    used 4250K, committed 4480K, reserved 1048576K
}
Event: 13.128 GC heap before
{Heap before GC invocations=10 (full 0):
 garbage-first heap   total 49152K, used 36929K [0x0000000084e00000, 0x0000000100000000)
  region size 1024K, 19 young (19456K), 1 survivors (1024K)
 Metaspace       used 39636K, committed 40064K, reserved 1114112K
  class space    used 4739K, committed 4928K, reserved 1048576K
}
Event: 13.134 GC heap after
{Heap after GC invocations=11 (full 0):
 garbage-first heap   total 49152K, used 19774K [0x0000000084e00000, 0x0000000100000000)
  region size 1024K, 2 young (2048K), 2 survivors (2048K)
 Metaspace       used 39636K, committed 40064K, reserved 1114112K
  class space    used 4739K, committed 4928K, reserved 1048576K
}
Event: 13.442 GC heap before
{Heap before GC invocations=11 (full 0):
 garbage-first heap   total 49152K, used 36158K [0x0000000084e00000, 0x0000000100000000)
  region size 1024K, 19 young (19456K), 2 survivors (2048K)
 Metaspace       used 43838K, committed 44224K, reserved 1114112K
  class space    used 5426K, committed 5632K, reserved 1048576K
}
Event: 13.446 GC heap after
{Heap after GC invocations=12 (full 0):
 garbage-first heap   total 49152K, used 20565K [0x0000000084e00000, 0x0000000100000000)
  region size 1024K, 1 young (1024K), 1 survivors (1024K)
 Metaspace       used 43838K, committed 44224K, reserved 1114112K
  class space    used 5426K, committed 5632K, reserved 1048576K
}
Event: 13.901 GC heap before
{Heap before GC invocations=12 (full 0):
 garbage-first heap   total 49152K, used 36949K [0x0000000084e00000, 0x0000000100000000)
  region size 1024K, 18 young (18432K), 1 survivors (1024K)
 Metaspace       used 50108K, committed 50560K, reserved 1114112K
  class space    used 6199K, committed 6400K, reserved 1048576K
}
Event: 13.905 GC heap after
{Heap after GC invocations=13 (full 0):
 garbage-first heap   total 49152K, used 22319K [0x0000000084e00000, 0x0000000100000000)
  region size 1024K, 3 young (3072K), 3 survivors (3072K)
 Metaspace       used 50108K, committed 50560K, reserved 1114112K
  class space    used 6199K, committed 6400K, reserved 1048576K
}
Event: 14.358 GC heap before
{Heap before GC invocations=13 (full 0):
 garbage-first heap   total 49152K, used 36655K [0x0000000084e00000, 0x0000000100000000)
  region size 1024K, 18 young (18432K), 3 survivors (3072K)
 Metaspace       used 55703K, committed 56128K, reserved 1114112K
  class space    used 6949K, committed 7168K, reserved 1048576K
}
Event: 14.364 GC heap after
{Heap after GC invocations=14 (full 0):
 garbage-first heap   total 49152K, used 23448K [0x0000000084e00000, 0x0000000100000000)
  region size 1024K, 2 young (2048K), 2 survivors (2048K)
 Metaspace       used 55703K, committed 56128K, reserved 1114112K
  class space    used 6949K, committed 7168K, reserved 1048576K
}
Event: 14.607 GC heap before
{Heap before GC invocations=14 (full 0):
 garbage-first heap   total 49152K, used 36760K [0x0000000084e00000, 0x0000000100000000)
  region size 1024K, 16 young (16384K), 2 survivors (2048K)
 Metaspace       used 58566K, committed 59072K, reserved 1114112K
  class space    used 7283K, committed 7488K, reserved 1048576K
}
Event: 14.610 GC heap after
{Heap after GC invocations=15 (full 0):
 garbage-first heap   total 59392K, used 24326K [0x0000000084e00000, 0x0000000100000000)
  region size 1024K, 1 young (1024K), 1 survivors (1024K)
 Metaspace       used 58566K, committed 59072K, reserved 1114112K
  class space    used 7283K, committed 7488K, reserved 1048576K
}
Event: 14.930 GC heap before
{Heap before GC invocations=16 (full 0):
 garbage-first heap   total 59392K, used 45830K [0x0000000084e00000, 0x0000000100000000)
  region size 1024K, 23 young (23552K), 1 survivors (1024K)
 Metaspace       used 64956K, committed 65408K, reserved 1114112K
  class space    used 8327K, committed 8576K, reserved 1048576K
}
Event: 14.934 GC heap after
{Heap after GC invocations=17 (full 0):
 garbage-first heap   total 59392K, used 25381K [0x0000000084e00000, 0x0000000100000000)
  region size 1024K, 2 young (2048K), 2 survivors (2048K)
 Metaspace       used 64956K, committed 65408K, reserved 1114112K
  class space    used 8327K, committed 8576K, reserved 1048576K
}
Event: 15.412 GC heap before
{Heap before GC invocations=17 (full 0):
 garbage-first heap   total 59392K, used 47909K [0x0000000084e00000, 0x0000000100000000)
  region size 1024K, 24 young (24576K), 2 survivors (2048K)
 Metaspace       used 70356K, committed 70848K, reserved 1114112K
  class space    used 9025K, committed 9280K, reserved 1048576K
}
Event: 15.418 GC heap after
{Heap after GC invocations=18 (full 0):
 garbage-first heap   total 59392K, used 26658K [0x0000000084e00000, 0x0000000100000000)
  region size 1024K, 3 young (3072K), 3 survivors (3072K)
 Metaspace       used 70356K, committed 70848K, reserved 1114112K
  class space    used 9025K, committed 9280K, reserved 1048576K
}
Event: 15.941 GC heap before
{Heap before GC invocations=18 (full 0):
 garbage-first heap   total 59392K, used 47138K [0x0000000084e00000, 0x0000000100000000)
  region size 1024K, 23 young (23552K), 3 survivors (3072K)
 Metaspace       used 73694K, committed 74240K, reserved 1114112K
  class space    used 9551K, committed 9792K, reserved 1048576K
}
Event: 15.946 GC heap after
{Heap after GC invocations=19 (full 0):
 garbage-first heap   total 59392K, used 28384K [0x0000000084e00000, 0x0000000100000000)
  region size 1024K, 3 young (3072K), 3 survivors (3072K)
 Metaspace       used 73694K, committed 74240K, reserved 1114112K
  class space    used 9551K, committed 9792K, reserved 1048576K
}

