# JRE version: OpenJDK Runtime Environment Temurin-17.0.11+9 (17.0.11+9) (build 17.0.11+9)
# Java VM: OpenJDK 64-Bit Server VM Temurin-17.0.11+9 (17.0.11+9, mixed mode, tiered, compressed oops, compressed class ptrs, g1 gc, windows-amd64)
GC Precious Log:
 CPUs: 12 total, 12 available
 Memory: 7876M
 Large Page Support: Disabled
 NUMA Support: Disabled
 Compressed Oops: Enabled (32-bit)
 Heap Region Size: 1M
 Heap Min Capacity: 8M
 Heap Initial Capacity: 124M
 Heap Max Capacity: 1970M
 Pre-touch: Disabled
 Parallel Workers: 10
 Concurrent Workers: 3
 Concurrent Refinement Workers: 10
 Periodic GC: Disabled
Heap:
 garbage-first heap   total 72704K, used 53026K [0x0000000084e00000, 0x0000000100000000)
  region size 1024K, 19 young (19456K), 2 survivors (2048K)
 Metaspace       used 90898K, committed 91584K, reserved 1179648K
  class space    used 11802K, committed 12160K, reserved 1048576K
GC Heap History (20 events):
Event: 4.126 GC heap before
{Heap before GC invocations=12 (full 0):
 garbage-first heap   total 49152K, used 37166K [0x0000000084e00000, 0x0000000100000000)
  region size 1024K, 17 young (17408K), 2 survivors (2048K)
 Metaspace       used 47604K, committed 48064K, reserved 1114112K
  class space    used 6044K, committed 6272K, reserved 1048576K
}
Event: 4.130 GC heap after
{Heap after GC invocations=13 (full 0):
 garbage-first heap   total 60416K, used 22485K [0x0000000084e00000, 0x0000000100000000)
  region size 1024K, 2 young (2048K), 2 survivors (2048K)
 Metaspace       used 47604K, committed 48064K, reserved 1114112K
  class space    used 6044K, committed 6272K, reserved 1048576K
}
Event: 4.682 GC heap before
{Heap before GC invocations=13 (full 0):
 garbage-first heap   total 60416K, used 45013K [0x0000000084e00000, 0x0000000100000000)
  region size 1024K, 25 young (25600K), 2 survivors (2048K)
 Metaspace       used 57483K, committed 57920K, reserved 1114112K
  class space    used 7259K, committed 7488K, reserved 1048576K
}
Event: 4.689 GC heap after
{Heap after GC invocations=14 (full 0):
 garbage-first heap   total 60416K, used 24863K [0x0000000084e00000, 0x0000000100000000)
  region size 1024K, 4 young (4096K), 4 survivors (4096K)
 Metaspace       used 57483K, committed 57920K, reserved 1114112K
  class space    used 7259K, committed 7488K, reserved 1048576K
}
Event: 4.970 GC heap before
{Heap before GC invocations=14 (full 0):
 garbage-first heap   total 60416K, used 37151K [0x0000000084e00000, 0x0000000100000000)
  region size 1024K, 17 young (17408K), 4 survivors (4096K)
 Metaspace       used 60033K, committed 60480K, reserved 1114112K
  class space    used 7563K, committed 7808K, reserved 1048576K
}
Event: 4.979 GC heap after
{Heap after GC invocations=15 (full 0):
 garbage-first heap   total 60416K, used 26243K [0x0000000084e00000, 0x0000000100000000)
  region size 1024K, 2 young (2048K), 2 survivors (2048K)
 Metaspace       used 60033K, committed 60480K, reserved 1114112K
  class space    used 7563K, committed 7808K, reserved 1048576K
}
Event: 5.306 GC heap before
{Heap before GC invocations=16 (full 0):
 garbage-first heap   total 60416K, used 45699K [0x0000000084e00000, 0x0000000100000000)
  region size 1024K, 22 young (22528K), 2 survivors (2048K)
 Metaspace       used 65334K, committed 65728K, reserved 1114112K
  class space    used 8314K, committed 8512K, reserved 1048576K
}
Event: 5.310 GC heap after
{Heap after GC invocations=17 (full 0):
 garbage-first heap   total 60416K, used 26860K [0x0000000084e00000, 0x0000000100000000)
  region size 1024K, 2 young (2048K), 2 survivors (2048K)
 Metaspace       used 65334K, committed 65728K, reserved 1114112K
  class space    used 8314K, committed 8512K, reserved 1048576K
}
Event: 5.559 GC heap before
{Heap before GC invocations=17 (full 0):
 garbage-first heap   total 60416K, used 48364K [0x0000000084e00000, 0x0000000100000000)
  region size 1024K, 23 young (23552K), 2 survivors (2048K)
 Metaspace       used 68186K, committed 68672K, reserved 1114112K
  class space    used 8811K, committed 9024K, reserved 1048576K
}
Event: 5.562 GC heap after
{Heap after GC invocations=18 (full 0):
 garbage-first heap   total 72704K, used 27431K [0x0000000084e00000, 0x0000000100000000)
  region size 1024K, 2 young (2048K), 2 survivors (2048K)
 Metaspace       used 68186K, committed 68672K, reserved 1114112K
  class space    used 8811K, committed 9024K, reserved 1048576K
}
Event: 6.202 GC heap before
{Heap before GC invocations=18 (full 0):
 garbage-first heap   total 72704K, used 57127K [0x0000000084e00000, 0x0000000100000000)
  region size 1024K, 31 young (31744K), 2 survivors (2048K)
 Metaspace       used 74909K, committed 75392K, reserved 1179648K
  class space    used 9741K, committed 9984K, reserved 1048576K
}
Event: 6.210 GC heap after
{Heap after GC invocations=19 (full 0):
 garbage-first heap   total 72704K, used 29417K [0x0000000084e00000, 0x0000000100000000)
  region size 1024K, 4 young (4096K), 4 survivors (4096K)
 Metaspace       used 74909K, committed 75392K, reserved 1179648K
  class space    used 9741K, committed 9984K, reserved 1048576K
}
Event: 6.783 GC heap before
{Heap before GC invocations=19 (full 0):
 garbage-first heap   total 72704K, used 57065K [0x0000000084e00000, 0x0000000100000000)
  region size 1024K, 31 young (31744K), 4 survivors (4096K)
 Metaspace       used 77860K, committed 78464K, reserved 1179648K
  class space    used 10131K, committed 10432K, reserved 1048576K
}
Event: 6.788 GC heap after
{Heap after GC invocations=20 (full 0):
 garbage-first heap   total 72704K, used 31630K [0x0000000084e00000, 0x0000000100000000)
  region size 1024K, 4 young (4096K), 4 survivors (4096K)
 Metaspace       used 77860K, committed 78464K, reserved 1179648K
  class space    used 10131K, committed 10432K, reserved 1048576K
}
Event: 7.559 GC heap before
{Heap before GC invocations=20 (full 0):
 garbage-first heap   total 72704K, used 58254K [0x0000000084e00000, 0x0000000100000000)
  region size 1024K, 30 young (30720K), 4 survivors (4096K)
 Metaspace       used 81083K, committed 81664K, reserved 1179648K
  class space    used 10590K, committed 10880K, reserved 1048576K
}
Event: 7.564 GC heap after
{Heap after GC invocations=21 (full 0):
 garbage-first heap   total 72704K, used 34330K [0x0000000084e00000, 0x0000000100000000)
  region size 1024K, 3 young (3072K), 3 survivors (3072K)
 Metaspace       used 81083K, committed 81664K, reserved 1179648K
  class space    used 10590K, committed 10880K, reserved 1048576K
}
Event: 13.681 GC heap before
{Heap before GC invocations=21 (full 0):
 garbage-first heap   total 72704K, used 56858K [0x0000000084e00000, 0x0000000100000000)
  region size 1024K, 26 young (26624K), 3 survivors (3072K)
 Metaspace       used 86261K, committed 86912K, reserved 1179648K
  class space    used 11320K, committed 11648K, reserved 1048576K
}
Event: 13.686 GC heap after
{Heap after GC invocations=22 (full 0):
 garbage-first heap   total 72704K, used 36241K [0x0000000084e00000, 0x0000000100000000)
  region size 1024K, 2 young (2048K), 2 survivors (2048K)
 Metaspace       used 86261K, committed 86912K, reserved 1179648K
  class space    used 11320K, committed 11648K, reserved 1048576K
}
Event: 29.553 GC heap before
{Heap before GC invocations=22 (full 0):
 garbage-first heap   total 72704K, used 58769K [0x0000000084e00000, 0x0000000100000000)
  region size 1024K, 24 young (24576K), 2 survivors (2048K)
 Metaspace       used 90301K, committed 91008K, reserved 1179648K
  class space    used 11754K, committed 12096K, reserved 1048576K
}
Event: 29.559 GC heap after
{Heap after GC invocations=23 (full 0):
 garbage-first heap   total 72704K, used 37666K [0x0000000084e00000, 0x0000000100000000)
  region size 1024K, 2 young (2048K), 2 survivors (2048K)
 Metaspace       used 90301K, committed 91008K, reserved 1179648K
  class space    used 11754K, committed 12096K, reserved 1048576K
}

