# JRE version: OpenJDK Runtime Environment Temurin-17.0.11+9 (17.0.11+9) (build 17.0.11+9)
# Java VM: OpenJDK 64-Bit Server VM Temurin-17.0.11+9 (17.0.11+9, mixed mode, tiered, compressed oops, compressed class ptrs, g1 gc, windows-amd64)
GC Precious Log:
 CPUs: 12 total, 12 available
 Memory: 7876M
 Large Page Support: Disabled
 NUMA Support: Disabled
 Compressed Oops: Enabled (32-bit)
 Heap Region Size: 1M
 Heap Min Capacity: 8M
 Heap Initial Capacity: 124M
 Heap Max Capacity: 1970M
 Pre-touch: Disabled
 Parallel Workers: 10
 Concurrent Workers: 3
 Concurrent Refinement Workers: 10
 Periodic GC: Disabled
Heap:
 garbage-first heap   total 126976K, used 99251K [0x0000000084e00000, 0x0000000100000000)
  region size 1024K, 63 young (64512K), 1 survivors (1024K)
 Metaspace       used 99269K, committed 99904K, reserved 1179648K
  class space    used 12515K, committed 12800K, reserved 1048576K
GC Heap History (20 events):
Event: 9698.699 GC heap before
{Heap before GC invocations=34 (full 0):
 garbage-first heap   total 73728K, used 59149K [0x0000000084e00000, 0x0000000100000000)
  region size 1024K, 26 young (26624K), 1 survivors (1024K)
 Metaspace       used 96091K, committed 96704K, reserved 1179648K
  class space    used 12368K, committed 12672K, reserved 1048576K
}
Event: 9698.721 GC heap after
{Heap after GC invocations=35 (full 0):
 garbage-first heap   total 73728K, used 37902K [0x0000000084e00000, 0x0000000100000000)
  region size 1024K, 4 young (4096K), 4 survivors (4096K)
 Metaspace       used 96091K, committed 96704K, reserved 1179648K
  class space    used 12368K, committed 12672K, reserved 1048576K
}
Event: 9698.883 GC heap before
{Heap before GC invocations=36 (full 0):
 garbage-first heap   total 75776K, used 58382K [0x0000000084e00000, 0x0000000100000000)
  region size 1024K, 24 young (24576K), 4 survivors (4096K)
 Metaspace       used 96110K, committed 96704K, reserved 1179648K
  class space    used 12370K, committed 12672K, reserved 1048576K
}
Event: 9698.887 GC heap after
{Heap after GC invocations=37 (full 0):
 garbage-first heap   total 75776K, used 37832K [0x0000000084e00000, 0x0000000100000000)
  region size 1024K, 2 young (2048K), 2 survivors (2048K)
 Metaspace       used 96110K, committed 96704K, reserved 1179648K
  class space    used 12370K, committed 12672K, reserved 1048576K
}
Event: 9698.894 GC heap before
{Heap before GC invocations=37 (full 0):
 garbage-first heap   total 75776K, used 38856K [0x0000000084e00000, 0x0000000100000000)
  region size 1024K, 3 young (3072K), 2 survivors (2048K)
 Metaspace       used 96118K, committed 96704K, reserved 1179648K
  class space    used 12370K, committed 12672K, reserved 1048576K
}
Event: 9698.897 GC heap after
{Heap after GC invocations=38 (full 0):
 garbage-first heap   total 75776K, used 36503K [0x0000000084e00000, 0x0000000100000000)
  region size 1024K, 1 young (1024K), 1 survivors (1024K)
 Metaspace       used 96118K, committed 96704K, reserved 1179648K
  class space    used 12370K, committed 12672K, reserved 1048576K
}
Event: 9732.210 GC heap before
{Heap before GC invocations=38 (full 0):
 garbage-first heap   total 75776K, used 59031K [0x0000000084e00000, 0x0000000100000000)
  region size 1024K, 24 young (24576K), 1 survivors (1024K)
 Metaspace       used 97214K, committed 97856K, reserved 1179648K
  class space    used 12467K, committed 12736K, reserved 1048576K
}
Event: 9732.213 GC heap after
{Heap after GC invocations=39 (full 0):
 garbage-first heap   total 75776K, used 36998K [0x0000000084e00000, 0x0000000100000000)
  region size 1024K, 1 young (1024K), 1 survivors (1024K)
 Metaspace       used 97214K, committed 97856K, reserved 1179648K
  class space    used 12467K, committed 12736K, reserved 1048576K
}
Event: 10100.913 GC heap before
{Heap before GC invocations=40 (full 0):
 garbage-first heap   total 75776K, used 61574K [0x0000000084e00000, 0x0000000100000000)
  region size 1024K, 25 young (25600K), 1 survivors (1024K)
 Metaspace       used 97559K, committed 98112K, reserved 1179648K
  class space    used 12470K, committed 12736K, reserved 1048576K
}
Event: 10100.926 GC heap after
{Heap after GC invocations=41 (full 0):
 garbage-first heap   total 75776K, used 37316K [0x0000000084e00000, 0x0000000100000000)
  region size 1024K, 1 young (1024K), 1 survivors (1024K)
 Metaspace       used 97559K, committed 98112K, reserved 1179648K
  class space    used 12470K, committed 12736K, reserved 1048576K
}
Event: 10104.485 GC heap before
{Heap before GC invocations=41 (full 0):
 garbage-first heap   total 75776K, used 38340K [0x0000000084e00000, 0x0000000100000000)
  region size 1024K, 3 young (3072K), 1 survivors (1024K)
 Metaspace       used 97607K, committed 98176K, reserved 1179648K
  class space    used 12470K, committed 12736K, reserved 1048576K
}
Event: 10104.523 GC heap after
{Heap after GC invocations=42 (full 0):
 garbage-first heap   total 75776K, used 36020K [0x0000000084e00000, 0x0000000100000000)
  region size 1024K, 1 young (1024K), 1 survivors (1024K)
 Metaspace       used 97607K, committed 98176K, reserved 1179648K
  class space    used 12470K, committed 12736K, reserved 1048576K
}
Event: 10651.200 GC heap before
{Heap before GC invocations=42 (full 0):
 garbage-first heap   total 75776K, used 61620K [0x0000000084e00000, 0x0000000100000000)
  region size 1024K, 27 young (27648K), 1 survivors (1024K)
 Metaspace       used 98265K, committed 98816K, reserved 1179648K
  class space    used 12482K, committed 12736K, reserved 1048576K
}
Event: 10651.232 GC heap after
{Heap after GC invocations=43 (full 0):
 garbage-first heap   total 179200K, used 36248K [0x0000000084e00000, 0x0000000100000000)
  region size 1024K, 1 young (1024K), 1 survivors (1024K)
 Metaspace       used 98265K, committed 98816K, reserved 1179648K
  class space    used 12482K, committed 12736K, reserved 1048576K
}
Event: 11541.592 GC heap before
{Heap before GC invocations=44 (full 0):
 garbage-first heap   total 126976K, used 120216K [0x0000000084e00000, 0x0000000100000000)
  region size 1024K, 85 young (87040K), 1 survivors (1024K)
 Metaspace       used 98874K, committed 99520K, reserved 1179648K
  class space    used 12492K, committed 12800K, reserved 1048576K
}
Event: 11541.610 GC heap after
{Heap after GC invocations=45 (full 0):
 garbage-first heap   total 126976K, used 36756K [0x0000000084e00000, 0x0000000100000000)
  region size 1024K, 2 young (2048K), 2 survivors (2048K)
 Metaspace       used 98874K, committed 99520K, reserved 1179648K
  class space    used 12492K, committed 12800K, reserved 1048576K
}
Event: 11548.170 GC heap before
{Heap before GC invocations=45 (full 0):
 garbage-first heap   total 126976K, used 40852K [0x0000000084e00000, 0x0000000100000000)
  region size 1024K, 6 young (6144K), 2 survivors (2048K)
 Metaspace       used 98907K, committed 99520K, reserved 1179648K
  class space    used 12499K, committed 12800K, reserved 1048576K
}
Event: 11548.187 GC heap after
{Heap after GC invocations=46 (full 0):
 garbage-first heap   total 126976K, used 36587K [0x0000000084e00000, 0x0000000100000000)
  region size 1024K, 1 young (1024K), 1 survivors (1024K)
 Metaspace       used 98907K, committed 99520K, reserved 1179648K
  class space    used 12499K, committed 12800K, reserved 1048576K
}
Event: 12281.717 GC heap before
{Heap before GC invocations=46 (full 0):
 garbage-first heap   total 126976K, used 108267K [0x0000000084e00000, 0x0000000100000000)
  region size 1024K, 71 young (72704K), 1 survivors (1024K)
 Metaspace       used 99133K, committed 99712K, reserved 1179648K
  class space    used 12504K, committed 12800K, reserved 1048576K
}
Event: 12281.731 GC heap after
{Heap after GC invocations=47 (full 0):
 garbage-first heap   total 126976K, used 36787K [0x0000000084e00000, 0x0000000100000000)
  region size 1024K, 1 young (1024K), 1 survivors (1024K)
 Metaspace       used 99133K, committed 99712K, reserved 1179648K
  class space    used 12504K, committed 12800K, reserved 1048576K
}

