# JRE version: OpenJDK Runtime Environment Temurin-17.0.11+9 (17.0.11+9) (build 17.0.11+9)
# Java VM: OpenJDK 64-Bit Server VM Temurin-17.0.11+9 (17.0.11+9, mixed mode, tiered, compressed oops, compressed class ptrs, g1 gc, windows-amd64)
GC Precious Log:
 CPUs: 12 total, 12 available
 Memory: 7876M
 Large Page Support: Disabled
 NUMA Support: Disabled
 Compressed Oops: Enabled (32-bit)
 Heap Region Size: 1M
 Heap Min Capacity: 8M
 Heap Initial Capacity: 124M
 Heap Max Capacity: 1970M
 Pre-touch: Disabled
 Parallel Workers: 10
 Concurrent Workers: 3
 Concurrent Refinement Workers: 10
 Periodic GC: Disabled
Heap:
 garbage-first heap   total 82944K, used 42241K [0x0000000084e00000, 0x0000000100000000)
  region size 1024K, 12 young (12288K), 4 survivors (4096K)
 Metaspace       used 88969K, committed 89664K, reserved 1179648K
  class space    used 11451K, committed 11776K, reserved 1048576K
GC Heap History (20 events):
Event: 2.609 GC heap before
{Heap before GC invocations=6 (full 0):
 garbage-first heap   total 40960K, used 30631K [0x0000000084e00000, 0x0000000100000000)
  region size 1024K, 18 young (18432K), 2 survivors (2048K)
 Metaspace       used 29910K, committed 30272K, reserved 1114112K
  class space    used 3416K, committed 3584K, reserved 1048576K
}
Event: 2.619 GC heap after
{Heap after GC invocations=7 (full 0):
 garbage-first heap   total 72704K, used 15307K [0x0000000084e00000, 0x0000000100000000)
  region size 1024K, 2 young (2048K), 2 survivors (2048K)
 Metaspace       used 29910K, committed 30272K, reserved 1114112K
  class space    used 3416K, committed 3584K, reserved 1048576K
}
Event: 3.643 GC heap before
{Heap before GC invocations=7 (full 0):
 garbage-first heap   total 72704K, used 46027K [0x0000000084e00000, 0x0000000100000000)
  region size 1024K, 33 young (33792K), 2 survivors (2048K)
 Metaspace       used 35599K, committed 35968K, reserved 1114112K
  class space    used 4250K, committed 4416K, reserved 1048576K
}
Event: 3.653 GC heap after
{Heap after GC invocations=8 (full 0):
 garbage-first heap   total 72704K, used 18340K [0x0000000084e00000, 0x0000000100000000)
  region size 1024K, 5 young (5120K), 5 survivors (5120K)
 Metaspace       used 35599K, committed 35968K, reserved 1114112K
  class space    used 4250K, committed 4416K, reserved 1048576K
}
Event: 4.639 GC heap before
{Heap before GC invocations=9 (full 0):
 garbage-first heap   total 68608K, used 51108K [0x0000000084e00000, 0x0000000100000000)
  region size 1024K, 37 young (37888K), 5 survivors (5120K)
 Metaspace       used 43259K, committed 43712K, reserved 1114112K
  class space    used 5281K, committed 5504K, reserved 1048576K
}
Event: 4.649 GC heap after
{Heap after GC invocations=10 (full 0):
 garbage-first heap   total 68608K, used 20539K [0x0000000084e00000, 0x0000000100000000)
  region size 1024K, 3 young (3072K), 3 survivors (3072K)
 Metaspace       used 43259K, committed 43712K, reserved 1114112K
  class space    used 5281K, committed 5504K, reserved 1048576K
}
Event: 5.397 GC heap before
{Heap before GC invocations=10 (full 0):
 garbage-first heap   total 68608K, used 49211K [0x0000000084e00000, 0x0000000100000000)
  region size 1024K, 31 young (31744K), 3 survivors (3072K)
 Metaspace       used 54054K, committed 54528K, reserved 1114112K
  class space    used 6692K, committed 6912K, reserved 1048576K
}
Event: 5.405 GC heap after
{Heap after GC invocations=11 (full 0):
 garbage-first heap   total 68608K, used 23297K [0x0000000084e00000, 0x0000000100000000)
  region size 1024K, 3 young (3072K), 3 survivors (3072K)
 Metaspace       used 54054K, committed 54528K, reserved 1114112K
  class space    used 6692K, committed 6912K, reserved 1048576K
}
Event: 5.974 GC heap before
{Heap before GC invocations=11 (full 0):
 garbage-first heap   total 68608K, used 49921K [0x0000000084e00000, 0x0000000100000000)
  region size 1024K, 30 young (30720K), 3 survivors (3072K)
 Metaspace       used 59830K, committed 60288K, reserved 1114112K
  class space    used 7416K, committed 7616K, reserved 1048576K
}
Event: 5.982 GC heap after
{Heap after GC invocations=12 (full 0):
 garbage-first heap   total 68608K, used 25485K [0x0000000084e00000, 0x0000000100000000)
  region size 1024K, 2 young (2048K), 2 survivors (2048K)
 Metaspace       used 59830K, committed 60288K, reserved 1114112K
  class space    used 7416K, committed 7616K, reserved 1048576K
}
Event: 6.454 GC heap before
{Heap before GC invocations=13 (full 0):
 garbage-first heap   total 68608K, used 51085K [0x0000000084e00000, 0x0000000100000000)
  region size 1024K, 28 young (28672K), 2 survivors (2048K)
 Metaspace       used 66322K, committed 66816K, reserved 1114112K
  class space    used 8522K, committed 8768K, reserved 1048576K
}
Event: 6.458 GC heap after
{Heap after GC invocations=14 (full 0):
 garbage-first heap   total 82944K, used 26218K [0x0000000084e00000, 0x0000000100000000)
  region size 1024K, 3 young (3072K), 3 survivors (3072K)
 Metaspace       used 66322K, committed 66816K, reserved 1114112K
  class space    used 8522K, committed 8768K, reserved 1048576K
}
Event: 7.414 GC heap before
{Heap before GC invocations=14 (full 0):
 garbage-first heap   total 82944K, used 63082K [0x0000000084e00000, 0x0000000100000000)
  region size 1024K, 39 young (39936K), 3 survivors (3072K)
 Metaspace       used 74041K, committed 74624K, reserved 1114112K
  class space    used 9602K, committed 9856K, reserved 1048576K
}
Event: 7.418 GC heap after
{Heap after GC invocations=15 (full 0):
 garbage-first heap   total 82944K, used 29084K [0x0000000084e00000, 0x0000000100000000)
  region size 1024K, 4 young (4096K), 4 survivors (4096K)
 Metaspace       used 74041K, committed 74624K, reserved 1114112K
  class space    used 9602K, committed 9856K, reserved 1048576K
}
Event: 8.290 GC heap before
{Heap before GC invocations=15 (full 0):
 garbage-first heap   total 82944K, used 64924K [0x0000000084e00000, 0x0000000100000000)
  region size 1024K, 39 young (39936K), 4 survivors (4096K)
 Metaspace       used 78054K, committed 78656K, reserved 1179648K
  class space    used 10164K, committed 10496K, reserved 1048576K
}
Event: 8.297 GC heap after
{Heap after GC invocations=16 (full 0):
 garbage-first heap   total 82944K, used 32191K [0x0000000084e00000, 0x0000000100000000)
  region size 1024K, 4 young (4096K), 4 survivors (4096K)
 Metaspace       used 78054K, committed 78656K, reserved 1179648K
  class space    used 10164K, committed 10496K, reserved 1048576K
}
Event: 35.417 GC heap before
{Heap before GC invocations=16 (full 0):
 garbage-first heap   total 82944K, used 62911K [0x0000000084e00000, 0x0000000100000000)
  region size 1024K, 35 young (35840K), 4 survivors (4096K)
 Metaspace       used 85300K, committed 85888K, reserved 1179648K
  class space    used 11148K, committed 11392K, reserved 1048576K
}
Event: 35.428 GC heap after
{Heap after GC invocations=17 (full 0):
 garbage-first heap   total 82944K, used 34253K [0x0000000084e00000, 0x0000000100000000)
  region size 1024K, 3 young (3072K), 3 survivors (3072K)
 Metaspace       used 85300K, committed 85888K, reserved 1179648K
  class space    used 11148K, committed 11392K, reserved 1048576K
}
Event: 110.666 GC heap before
{Heap before GC invocations=17 (full 0):
 garbage-first heap   total 82944K, used 63949K [0x0000000084e00000, 0x0000000100000000)
  region size 1024K, 33 young (33792K), 3 survivors (3072K)
 Metaspace       used 88560K, committed 89280K, reserved 1179648K
  class space    used 11435K, committed 11776K, reserved 1048576K
}
Event: 110.674 GC heap after
{Heap after GC invocations=18 (full 0):
 garbage-first heap   total 82944K, used 35073K [0x0000000084e00000, 0x0000000100000000)
  region size 1024K, 4 young (4096K), 4 survivors (4096K)
 Metaspace       used 88560K, committed 89280K, reserved 1179648K
  class space    used 11435K, committed 11776K, reserved 1048576K
}

