# JRE version: OpenJDK Runtime Environment Temurin-17.0.11+9 (17.0.11+9) (build 17.0.11+9)
# Java VM: OpenJDK 64-Bit Server VM Temurin-17.0.11+9 (17.0.11+9, mixed mode, tiered, compressed oops, compressed class ptrs, g1 gc, windows-amd64)
GC Precious Log:
 CPUs: 12 total, 12 available
 Memory: 7876M
 Large Page Support: Disabled
 NUMA Support: Disabled
 Compressed Oops: Enabled (32-bit)
 Heap Region Size: 1M
 Heap Min Capacity: 8M
 Heap Initial Capacity: 124M
 Heap Max Capacity: 1970M
 Pre-touch: Disabled
 Parallel Workers: 10
 Concurrent Workers: 3
 Concurrent Refinement Workers: 10
 Periodic GC: Disabled
Heap:
 garbage-first heap   total 59392K, used 34489K [0x0000000084e00000, 0x0000000100000000)
  region size 1024K, 10 young (10240K), 2 survivors (2048K)
 Metaspace       used 71540K, committed 72064K, reserved 1114112K
  class space    used 9207K, committed 9472K, reserved 1048576K
GC Heap History (20 events):
Event: 7.793 GC heap before
{Heap before GC invocations=6 (full 0):
 garbage-first heap   total 40960K, used 30946K [0x0000000084e00000, 0x0000000100000000)
  region size 1024K, 17 young (17408K), 2 survivors (2048K)
 Metaspace       used 31990K, committed 32384K, reserved 1114112K
  class space    used 3723K, committed 3904K, reserved 1048576K
}
Event: 7.801 GC heap after
{Heap after GC invocations=7 (full 0):
 garbage-first heap   total 40960K, used 16802K [0x0000000084e00000, 0x0000000100000000)
  region size 1024K, 3 young (3072K), 3 survivors (3072K)
 Metaspace       used 31990K, committed 32384K, reserved 1114112K
  class space    used 3723K, committed 3904K, reserved 1048576K
}
Event: 8.285 GC heap before
{Heap before GC invocations=7 (full 0):
 garbage-first heap   total 40960K, used 31138K [0x0000000084e00000, 0x0000000100000000)
  region size 1024K, 17 young (17408K), 3 survivors (3072K)
 Metaspace       used 34730K, committed 35200K, reserved 1114112K
  class space    used 4123K, committed 4352K, reserved 1048576K
}
Event: 8.294 GC heap after
{Heap after GC invocations=8 (full 0):
 garbage-first heap   total 49152K, used 18256K [0x0000000084e00000, 0x0000000100000000)
  region size 1024K, 3 young (3072K), 3 survivors (3072K)
 Metaspace       used 34730K, committed 35200K, reserved 1114112K
  class space    used 4123K, committed 4352K, reserved 1048576K
}
Event: 8.425 GC heap before
{Heap before GC invocations=8 (full 0):
 garbage-first heap   total 49152K, used 21328K [0x0000000084e00000, 0x0000000100000000)
  region size 1024K, 7 young (7168K), 3 survivors (3072K)
 Metaspace       used 35589K, committed 35968K, reserved 1114112K
  class space    used 4252K, committed 4416K, reserved 1048576K
}
Event: 8.432 GC heap after
{Heap after GC invocations=9 (full 0):
 garbage-first heap   total 49152K, used 18740K [0x0000000084e00000, 0x0000000100000000)
  region size 1024K, 1 young (1024K), 1 survivors (1024K)
 Metaspace       used 35589K, committed 35968K, reserved 1114112K
  class space    used 4252K, committed 4416K, reserved 1048576K
}
Event: 9.227 GC heap before
{Heap before GC invocations=10 (full 0):
 garbage-first heap   total 49152K, used 37172K [0x0000000084e00000, 0x0000000100000000)
  region size 1024K, 19 young (19456K), 1 survivors (1024K)
 Metaspace       used 39726K, committed 40128K, reserved 1114112K
  class space    used 4735K, committed 4928K, reserved 1048576K
}
Event: 9.235 GC heap after
{Heap after GC invocations=11 (full 0):
 garbage-first heap   total 49152K, used 20208K [0x0000000084e00000, 0x0000000100000000)
  region size 1024K, 2 young (2048K), 2 survivors (2048K)
 Metaspace       used 39726K, committed 40128K, reserved 1114112K
  class space    used 4735K, committed 4928K, reserved 1048576K
}
Event: 9.959 GC heap before
{Heap before GC invocations=11 (full 0):
 garbage-first heap   total 49152K, used 36592K [0x0000000084e00000, 0x0000000100000000)
  region size 1024K, 19 young (19456K), 2 survivors (2048K)
 Metaspace       used 43845K, committed 44352K, reserved 1114112K
  class space    used 5399K, committed 5632K, reserved 1048576K
}
Event: 9.969 GC heap after
{Heap after GC invocations=12 (full 0):
 garbage-first heap   total 49152K, used 21166K [0x0000000084e00000, 0x0000000100000000)
  region size 1024K, 3 young (3072K), 3 survivors (3072K)
 Metaspace       used 43845K, committed 44352K, reserved 1114112K
  class space    used 5399K, committed 5632K, reserved 1048576K
}
Event: 10.518 GC heap before
{Heap before GC invocations=12 (full 0):
 garbage-first heap   total 49152K, used 36526K [0x0000000084e00000, 0x0000000100000000)
  region size 1024K, 19 young (19456K), 3 survivors (3072K)
 Metaspace       used 48236K, committed 48704K, reserved 1114112K
  class space    used 5981K, committed 6208K, reserved 1048576K
}
Event: 10.525 GC heap after
{Heap after GC invocations=13 (full 0):
 garbage-first heap   total 49152K, used 22651K [0x0000000084e00000, 0x0000000100000000)
  region size 1024K, 3 young (3072K), 3 survivors (3072K)
 Metaspace       used 48236K, committed 48704K, reserved 1114112K
  class space    used 5981K, committed 6208K, reserved 1048576K
}
Event: 11.144 GC heap before
{Heap before GC invocations=13 (full 0):
 garbage-first heap   total 49152K, used 38011K [0x0000000084e00000, 0x0000000100000000)
  region size 1024K, 19 young (19456K), 3 survivors (3072K)
 Metaspace       used 55441K, committed 55872K, reserved 1114112K
  class space    used 6897K, committed 7104K, reserved 1048576K
}
Event: 11.152 GC heap after
{Heap after GC invocations=14 (full 0):
 garbage-first heap   total 59392K, used 24191K [0x0000000084e00000, 0x0000000100000000)
  region size 1024K, 3 young (3072K), 3 survivors (3072K)
 Metaspace       used 55441K, committed 55872K, reserved 1114112K
  class space    used 6897K, committed 7104K, reserved 1048576K
}
Event: 11.717 GC heap before
{Heap before GC invocations=14 (full 0):
 garbage-first heap   total 59392K, used 43647K [0x0000000084e00000, 0x0000000100000000)
  region size 1024K, 23 young (23552K), 3 survivors (3072K)
 Metaspace       used 59874K, committed 60288K, reserved 1114112K
  class space    used 7419K, committed 7616K, reserved 1048576K
}
Event: 11.726 GC heap after
{Heap after GC invocations=15 (full 0):
 garbage-first heap   total 59392K, used 25454K [0x0000000084e00000, 0x0000000100000000)
  region size 1024K, 3 young (3072K), 3 survivors (3072K)
 Metaspace       used 59874K, committed 60288K, reserved 1114112K
  class space    used 7419K, committed 7616K, reserved 1048576K
}
Event: 12.210 GC heap before
{Heap before GC invocations=16 (full 0):
 garbage-first heap   total 59392K, used 45934K [0x0000000084e00000, 0x0000000100000000)
  region size 1024K, 23 young (23552K), 3 survivors (3072K)
 Metaspace       used 65281K, committed 65728K, reserved 1114112K
  class space    used 8363K, committed 8576K, reserved 1048576K
}
Event: 12.217 GC heap after
{Heap after GC invocations=17 (full 0):
 garbage-first heap   total 59392K, used 26149K [0x0000000084e00000, 0x0000000100000000)
  region size 1024K, 2 young (2048K), 2 survivors (2048K)
 Metaspace       used 65281K, committed 65728K, reserved 1114112K
  class space    used 8363K, committed 8576K, reserved 1048576K
}
Event: 12.750 GC heap before
{Heap before GC invocations=17 (full 0):
 garbage-first heap   total 59392K, used 47653K [0x0000000084e00000, 0x0000000100000000)
  region size 1024K, 23 young (23552K), 2 survivors (2048K)
 Metaspace       used 69917K, committed 70464K, reserved 1114112K
  class space    used 9014K, committed 9280K, reserved 1048576K
}
Event: 12.757 GC heap after
{Heap after GC invocations=18 (full 0):
 garbage-first heap   total 59392K, used 27321K [0x0000000084e00000, 0x0000000100000000)
  region size 1024K, 2 young (2048K), 2 survivors (2048K)
 Metaspace       used 69917K, committed 70464K, reserved 1114112K
  class space    used 9014K, committed 9280K, reserved 1048576K
}

